<?xml version="1.0" encoding="UTF-8"?>
<testng-results ignored="0" total="4" passed="3" failed="1" skipped="0">
  <reporter-output>
  </reporter-output>
  <suite started-at="2020-10-22T15:57:20 CST" name="Login Suite" finished-at="2020-10-22T15:57:44 CST" duration-ms="23757">
    <groups>
      <group name="sanity">
        <method signature="LoginTest.doLogin(pojo.loginData)[pri:0, instance:Tests.LoginTest@654b72c0]" name="doLogin" class="Tests.LoginTest"/>
        <method signature="LoginTest.doNotAllowUsersToLogin(pojo.loginData)[pri:0, instance:Tests.LoginTest@654b72c0]" name="doNotAllowUsersToLogin" class="Tests.LoginTest"/>
      </group> <!-- sanity -->
    </groups>
    <test started-at="2020-10-22T15:57:20 CST" name="login Test" finished-at="2020-10-22T15:57:44 CST" duration-ms="23757">
      <class name="Tests.LoginTest">
        <test-method is-config="true" signature="setUpTest()[pri:0, instance:Tests.LoginTest@654b72c0]" started-at="2020-10-22T15:57:20 CST" name="setUpTest" finished-at="2020-10-22T15:57:23 CST" duration-ms="2776" status="PASS">
          <reporter-output>
          </reporter-output>
        </test-method> <!-- setUpTest -->
        <test-method signature="doLogin(pojo.loginData)[pri:0, instance:Tests.LoginTest@654b72c0]" started-at="2020-10-22T15:57:23 CST" name="doLogin" description="User is allowed to do login and go to account dashboard" data-provider="getUsersDataFromJson" finished-at="2020-10-22T15:57:31 CST" duration-ms="7778" status="PASS">
          <params>
            <param index="0">
              <value>
                <![CDATA[pojo.loginData@67763ebe]]>
              </value>
            </param>
          </params>
          <reporter-output>
          </reporter-output>
        </test-method> <!-- doLogin -->
        <test-method is-config="true" signature="tearDown()[pri:0, instance:Tests.LoginTest@654b72c0]" started-at="2020-10-22T15:57:31 CST" name="tearDown" finished-at="2020-10-22T15:57:31 CST" duration-ms="79" status="PASS">
          <reporter-output>
          </reporter-output>
        </test-method> <!-- tearDown -->
        <test-method is-config="true" signature="setUpTest()[pri:0, instance:Tests.LoginTest@654b72c0]" started-at="2020-10-22T15:57:31 CST" name="setUpTest" finished-at="2020-10-22T15:57:32 CST" duration-ms="938" status="PASS">
          <reporter-output>
          </reporter-output>
        </test-method> <!-- setUpTest -->
        <test-method signature="doLogin(pojo.loginData)[pri:0, instance:Tests.LoginTest@654b72c0]" started-at="2020-10-22T15:57:32 CST" name="doLogin" description="User is allowed to do login and go to account dashboard" data-provider="getUsersDataFromJson" finished-at="2020-10-22T15:57:34 CST" duration-ms="2451" status="PASS">
          <params>
            <param index="0">
              <value>
                <![CDATA[pojo.loginData@64910b2d]]>
              </value>
            </param>
          </params>
          <reporter-output>
          </reporter-output>
        </test-method> <!-- doLogin -->
        <test-method is-config="true" signature="tearDown()[pri:0, instance:Tests.LoginTest@654b72c0]" started-at="2020-10-22T15:57:34 CST" name="tearDown" finished-at="2020-10-22T15:57:34 CST" duration-ms="75" status="PASS">
          <reporter-output>
          </reporter-output>
        </test-method> <!-- tearDown -->
        <test-method is-config="true" signature="setUpTest()[pri:0, instance:Tests.LoginTest@654b72c0]" started-at="2020-10-22T15:57:34 CST" name="setUpTest" finished-at="2020-10-22T15:57:35 CST" duration-ms="922" status="PASS">
          <reporter-output>
          </reporter-output>
        </test-method> <!-- setUpTest -->
        <test-method signature="doNotAllowUsersToLogin(pojo.loginData)[pri:0, instance:Tests.LoginTest@654b72c0]" started-at="2020-10-22T15:57:35 CST" name="doNotAllowUsersToLogin" data-provider="getWrongUsersDataFromJson" finished-at="2020-10-22T15:57:44 CST" duration-ms="8153" status="FAIL">
          <params>
            <param index="0">
              <value>
                <![CDATA[pojo.loginData@6903ed0e]]>
              </value>
            </param>
          </params>
          <exception class="java.lang.AssertionError">
            <message>
              <![CDATA[expected [false] but found [true]]]>
            </message>
            <full-stacktrace>
              <![CDATA[java.lang.AssertionError: expected [false] but found [true]
at org.testng.Assert.fail(Assert.java:99)
at org.testng.Assert.failNotEquals(Assert.java:1037)
at org.testng.Assert.assertEqualsImpl(Assert.java:140)
at org.testng.Assert.assertEquals(Assert.java:122)
at org.testng.Assert.assertEquals(Assert.java:819)
at org.testng.Assert.assertEquals(Assert.java:829)
at Tests.LoginTest.doNotAllowUsersToLogin(LoginTest.java:65)
at java.base/jdk.internal.reflect.NativeMethodAccessorImpl.invoke0(Native Method)
at java.base/jdk.internal.reflect.NativeMethodAccessorImpl.invoke(NativeMethodAccessorImpl.java:62)
at java.base/jdk.internal.reflect.DelegatingMethodAccessorImpl.invoke(DelegatingMethodAccessorImpl.java:43)
at java.base/java.lang.reflect.Method.invoke(Method.java:567)
at org.testng.internal.MethodInvocationHelper.invokeMethod(MethodInvocationHelper.java:132)
at org.testng.internal.TestInvoker.invokeMethod(TestInvoker.java:599)
at org.testng.internal.TestInvoker.invokeTestMethod(TestInvoker.java:174)
at org.testng.internal.MethodRunner.runInSequence(MethodRunner.java:46)
at org.testng.internal.TestInvoker$MethodInvocationAgent.invoke(TestInvoker.java:822)
at org.testng.internal.TestInvoker.invokeTestMethods(TestInvoker.java:147)
at org.testng.internal.TestMethodWorker.invokeTestMethods(TestMethodWorker.java:146)
at org.testng.internal.TestMethodWorker.run(TestMethodWorker.java:128)
at java.base/java.util.ArrayList.forEach(ArrayList.java:1507)
at org.testng.TestRunner.privateRun(TestRunner.java:764)
at org.testng.TestRunner.run(TestRunner.java:585)
at org.testng.SuiteRunner.runTest(SuiteRunner.java:384)
at org.testng.SuiteRunner.runSequentially(SuiteRunner.java:378)
at org.testng.SuiteRunner.privateRun(SuiteRunner.java:337)
at org.testng.SuiteRunner.run(SuiteRunner.java:286)
at org.testng.SuiteRunnerWorker.runSuite(SuiteRunnerWorker.java:53)
at org.testng.SuiteRunnerWorker.run(SuiteRunnerWorker.java:96)
at org.testng.TestNG.runSuitesSequentially(TestNG.java:1218)
at org.testng.TestNG.runSuitesLocally(TestNG.java:1140)
at org.testng.TestNG.runSuites(TestNG.java:1069)
at org.testng.TestNG.run(TestNG.java:1037)
at org.apache.maven.surefire.testng.TestNGExecutor.run(TestNGExecutor.java:283)
at org.apache.maven.surefire.testng.TestNGXmlTestSuite.execute(TestNGXmlTestSuite.java:75)
at org.apache.maven.surefire.testng.TestNGProvider.invoke(TestNGProvider.java:120)
at org.apache.maven.surefire.booter.ForkedBooter.invokeProviderInSameClassLoader(ForkedBooter.java:383)
at org.apache.maven.surefire.booter.ForkedBooter.runSuitesInProcess(ForkedBooter.java:344)
at org.apache.maven.surefire.booter.ForkedBooter.execute(ForkedBooter.java:125)
at org.apache.maven.surefire.booter.ForkedBooter.main(ForkedBooter.java:417)
]]>
            </full-stacktrace>
          </exception> <!-- java.lang.AssertionError -->
          <reporter-output>
          </reporter-output>
        </test-method> <!-- doNotAllowUsersToLogin -->
        <test-method is-config="true" signature="tearDown()[pri:0, instance:Tests.LoginTest@654b72c0]" started-at="2020-10-22T15:57:44 CST" name="tearDown" finished-at="2020-10-22T15:57:44 CST" duration-ms="80" status="PASS">
          <reporter-output>
          </reporter-output>
        </test-method> <!-- tearDown -->
      </class> <!-- Tests.LoginTest -->
    </test> <!-- login Test -->
  </suite> <!-- Login Suite -->
  <suite started-at="2020-10-22T15:57:44 CST" name="Cart Suite" finished-at="2020-10-22T15:57:48 CST" duration-ms="4222">
    <groups>
      <group name="sanity">
        <method signature="CartTest.addItemToCartAsAnonymous(pojo.productData)[pri:0, instance:Tests.CartTest@2bfeb1ef]" name="addItemToCartAsAnonymous" class="Tests.CartTest"/>
      </group> <!-- sanity -->
    </groups>
    <test started-at="2020-10-22T15:57:44 CST" name="Add To Cart As Anonymous" finished-at="2020-10-22T15:57:48 CST" duration-ms="4222">
      <class name="Tests.CartTest">
        <test-method is-config="true" signature="setUpTest()[pri:0, instance:Tests.CartTest@2bfeb1ef]" started-at="2020-10-22T15:57:44 CST" name="setUpTest" finished-at="2020-10-22T15:57:45 CST" duration-ms="927" status="PASS">
          <reporter-output>
          </reporter-output>
        </test-method> <!-- setUpTest -->
        <test-method signature="addItemToCartAsAnonymous(pojo.productData)[pri:0, instance:Tests.CartTest@2bfeb1ef]" started-at="2020-10-22T15:57:45 CST" name="addItemToCartAsAnonymous" description="Anonymous user is able to add items to cart" data-provider="getProductsFromJson" finished-at="2020-10-22T15:57:48 CST" duration-ms="3214" status="PASS">
          <params>
            <param index="0">
              <value>
                <![CDATA[pojo.productData@7b5833ee]]>
              </value>
            </param>
          </params>
          <reporter-output>
          </reporter-output>
        </test-method> <!-- addItemToCartAsAnonymous -->
        <test-method is-config="true" signature="tearDown()[pri:0, instance:Tests.CartTest@2bfeb1ef]" started-at="2020-10-22T15:57:48 CST" name="tearDown" finished-at="2020-10-22T15:57:48 CST" duration-ms="74" status="PASS">
          <reporter-output>
          </reporter-output>
        </test-method> <!-- tearDown -->
      </class> <!-- Tests.CartTest -->
    </test> <!-- Add To Cart As Anonymous -->
  </suite> <!-- Cart Suite -->
</testng-results>
